-------------------------------------------------------------------------------
Test set: com.neha.BookControllerTest
-------------------------------------------------------------------------------
Tests run: 1, Failures: 0, Errors: 1, Skipped: 0, Time elapsed: 4.411 s <<< FAILURE! - in com.neha.BookControllerTest
callBooksEndPoint(com.neha.BookControllerTest)  Time elapsed: 0.429 s  <<< ERROR!
org.springframework.web.client.RestClientException: 
Error while extracting response for type [class org.springframework.http.ResponseEntity] and content type [application/json;charset=UTF-8]; nested exception is org.springframework.http.converter.HttpMessageNotReadableException: JSON parse error: Cannot deserialize instance of `org.springframework.http.ResponseEntity` out of START_ARRAY token; nested exception is com.fasterxml.jackson.databind.exc.MismatchedInputException: Cannot deserialize instance of `org.springframework.http.ResponseEntity` out of START_ARRAY token
 at [Source: (PushbackInputStream); line: 1, column: 1]
	at com.neha.BookControllerTest.callBooksEndPoint(BookControllerTest.java:29)
Caused by: org.springframework.http.converter.HttpMessageNotReadableException: 
JSON parse error: Cannot deserialize instance of `org.springframework.http.ResponseEntity` out of START_ARRAY token; nested exception is com.fasterxml.jackson.databind.exc.MismatchedInputException: Cannot deserialize instance of `org.springframework.http.ResponseEntity` out of START_ARRAY token
 at [Source: (PushbackInputStream); line: 1, column: 1]
	at com.neha.BookControllerTest.callBooksEndPoint(BookControllerTest.java:29)
Caused by: com.fasterxml.jackson.databind.exc.MismatchedInputException: 
Cannot deserialize instance of `org.springframework.http.ResponseEntity` out of START_ARRAY token
 at [Source: (PushbackInputStream); line: 1, column: 1]
	at com.neha.BookControllerTest.callBooksEndPoint(BookControllerTest.java:29)

