<?xml version="1.0" encoding="UTF-8"?>
<testsuite xmlns:xsi="http://www.w3.org/2001/XMLSchema-instance" xsi:noNamespaceSchemaLocation="https://maven.apache.org/surefire/maven-surefire-plugin/xsd/surefire-test-report.xsd" name="com.neha.BookControllerTest" time="4.411" tests="1" errors="1" skipped="0" failures="0">
  <properties>
[...]
</properties>
  <testcase name="callBooksEndPoint" classname="com.neha.BookControllerTest" time="0.429">
    <error message="Error while extracting response for type [class org.springframework.http.ResponseEntity] and content type [application/json;charset=UTF-8]; nested exception is org.springframework.http.converter.HttpMessageNotReadableException: JSON parse error: Cannot deserialize instance of `org.springframework.http.ResponseEntity` out of START_ARRAY token; nested exception is com.fasterxml.jackson.databind.exc.MismatchedInputException: Cannot deserialize instance of `org.springframework.http.ResponseEntity` out of START_ARRAY token&#10; at [Source: (PushbackInputStream); line: 1, column: 1]" type="org.springframework.web.client.RestClientException">org.springframework.web.client.RestClientException: 
Error while extracting response for type [class org.springframework.http.ResponseEntity] and content type [application/json;charset=UTF-8]; nested exception is org.springframework.http.converter.HttpMessageNotReadableException: JSON parse error: Cannot deserialize instance of `org.springframework.http.ResponseEntity` out of START_ARRAY token; nested exception is com.fasterxml.jackson.databind.exc.MismatchedInputException: Cannot deserialize instance of `org.springframework.http.ResponseEntity` out of START_ARRAY token
 at [Source: (PushbackInputStream); line: 1, column: 1]
	at com.neha.BookControllerTest.callBooksEndPoint(BookControllerTest.java:29)
Caused by: org.springframework.http.converter.HttpMessageNotReadableException: 
JSON parse error: Cannot deserialize instance of `org.springframework.http.ResponseEntity` out of START_ARRAY token; nested exception is com.fasterxml.jackson.databind.exc.MismatchedInputException: Cannot deserialize instance of `org.springframework.http.ResponseEntity` out of START_ARRAY token
 at [Source: (PushbackInputStream); line: 1, column: 1]
	at com.neha.BookControllerTest.callBooksEndPoint(BookControllerTest.java:29)
Caused by: com.fasterxml.jackson.databind.exc.MismatchedInputException: 
Cannot deserialize instance of `org.springframework.http.ResponseEntity` out of START_ARRAY token
 at [Source: (PushbackInputStream); line: 1, column: 1]
	at com.neha.BookControllerTest.callBooksEndPoint(BookControllerTest.java:29)
</error>
    <system-out><![CDATA[16:27:47.261 [main] DEBUG org.springframework.test.context.junit4.SpringJUnit4ClassRunner - SpringJUnit4ClassRunner constructor called with [class com.neha.BookControllerTest]
16:27:47.261 [main] DEBUG org.springframework.test.context.BootstrapUtils - Instantiating CacheAwareContextLoaderDelegate from class [org.springframework.test.context.cache.DefaultCacheAwareContextLoaderDelegate]
16:27:47.261 [main] DEBUG org.springframework.test.context.BootstrapUtils - Instantiating BootstrapContext using constructor [public org.springframework.test.context.support.DefaultBootstrapContext(java.lang.Class,org.springframework.test.context.CacheAwareContextLoaderDelegate)]
16:27:47.261 [main] DEBUG org.springframework.test.context.BootstrapUtils - Instantiating TestContextBootstrapper for test class [com.neha.BookControllerTest] from class [org.springframework.boot.test.context.SpringBootTestContextBootstrapper]
16:27:47.261 [main] INFO org.springframework.boot.test.context.SpringBootTestContextBootstrapper - Neither @ContextConfiguration nor @ContextHierarchy found for test class [com.neha.BookControllerTest], using SpringBootContextLoader
16:27:47.262 [main] DEBUG org.springframework.test.context.support.AbstractContextLoader - Did not detect default resource location for test class [com.neha.BookControllerTest]: class path resource [com/neha/BookControllerTest-context.xml] does not exist
16:27:47.262 [main] DEBUG org.springframework.test.context.support.AbstractContextLoader - Did not detect default resource location for test class [com.neha.BookControllerTest]: class path resource [com/neha/BookControllerTestContext.groovy] does not exist
16:27:47.262 [main] INFO org.springframework.test.context.support.AbstractContextLoader - Could not detect default resource locations for test class [com.neha.BookControllerTest]: no resource found for suffixes {-context.xml, Context.groovy}.
16:27:47.262 [main] INFO org.springframework.test.context.support.AnnotationConfigContextLoaderUtils - Could not detect default configuration classes for test class [com.neha.BookControllerTest]: BookControllerTest does not declare any static, non-private, non-final, nested classes annotated with @Configuration.
16:27:47.264 [main] DEBUG org.springframework.test.context.support.ActiveProfilesUtils - Could not find an 'annotation declaring class' for annotation type [org.springframework.test.context.ActiveProfiles] and class [com.neha.BookControllerTest]
16:27:47.349 [main] DEBUG org.springframework.context.annotation.ClassPathScanningCandidateComponentProvider - Identified candidate component class: file [/Users/nehkumari/Downloads/spring-boot-hibernate-crud-demo/target/classes/com/neha/Application.class]
16:27:47.350 [main] INFO org.springframework.boot.test.context.SpringBootTestContextBootstrapper - Found @SpringBootConfiguration com.neha.Application for test class com.neha.BookControllerTest
16:27:47.429 [main] DEBUG org.springframework.boot.test.context.SpringBootTestContextBootstrapper - @TestExecutionListeners is not present for class [com.neha.BookControllerTest]: using defaults.
16:27:47.429 [main] INFO org.springframework.boot.test.context.SpringBootTestContextBootstrapper - Loaded default TestExecutionListener class names from location [META-INF/spring.factories]: [org.springframework.boot.test.mock.mockito.MockitoTestExecutionListener, org.springframework.boot.test.mock.mockito.ResetMocksTestExecutionListener, org.springframework.boot.test.autoconfigure.restdocs.RestDocsTestExecutionListener, org.springframework.boot.test.autoconfigure.web.client.MockRestServiceServerResetTestExecutionListener, org.springframework.boot.test.autoconfigure.web.servlet.MockMvcPrintOnlyOnFailureTestExecutionListener, org.springframework.boot.test.autoconfigure.web.servlet.WebDriverTestExecutionListener, org.springframework.test.context.web.ServletTestExecutionListener, org.springframework.test.context.support.DirtiesContextBeforeModesTestExecutionListener, org.springframework.test.context.support.DependencyInjectionTestExecutionListener, org.springframework.test.context.support.DirtiesContextTestExecutionListener, org.springframework.test.context.transaction.TransactionalTestExecutionListener, org.springframework.test.context.jdbc.SqlScriptsTestExecutionListener]
16:27:47.441 [main] INFO org.springframework.boot.test.context.SpringBootTestContextBootstrapper - Using TestExecutionListeners: [org.springframework.test.context.web.ServletTestExecutionListener@359f7cdf, org.springframework.test.context.support.DirtiesContextBeforeModesTestExecutionListener@1fa268de, org.springframework.boot.test.mock.mockito.MockitoTestExecutionListener@4f6ee6e4, org.springframework.boot.test.autoconfigure.SpringBootDependencyInjectionTestExecutionListener@4466af20, org.springframework.test.context.support.DirtiesContextTestExecutionListener@a514af7, org.springframework.test.context.transaction.TransactionalTestExecutionListener@6b927fb, org.springframework.test.context.jdbc.SqlScriptsTestExecutionListener@3e58a80e, org.springframework.boot.test.mock.mockito.ResetMocksTestExecutionListener@4fb61f4a, org.springframework.boot.test.autoconfigure.restdocs.RestDocsTestExecutionListener@4fb0f2b9, org.springframework.boot.test.autoconfigure.web.client.MockRestServiceServerResetTestExecutionListener@79924b, org.springframework.boot.test.autoconfigure.web.servlet.MockMvcPrintOnlyOnFailureTestExecutionListener@7b9a4292, org.springframework.boot.test.autoconfigure.web.servlet.WebDriverTestExecutionListener@4a94ee4]
16:27:47.442 [main] DEBUG org.springframework.test.annotation.ProfileValueUtils - Retrieved @ProfileValueSourceConfiguration [null] for test class [com.neha.BookControllerTest]
16:27:47.443 [main] DEBUG org.springframework.test.annotation.ProfileValueUtils - Retrieved ProfileValueSource type [class org.springframework.test.annotation.SystemProfileValueSource] for class [com.neha.BookControllerTest]
16:27:47.443 [main] DEBUG org.springframework.test.annotation.ProfileValueUtils - Retrieved @ProfileValueSourceConfiguration [null] for test class [com.neha.BookControllerTest]
16:27:47.443 [main] DEBUG org.springframework.test.annotation.ProfileValueUtils - Retrieved ProfileValueSource type [class org.springframework.test.annotation.SystemProfileValueSource] for class [com.neha.BookControllerTest]
16:27:47.443 [main] DEBUG org.springframework.test.annotation.ProfileValueUtils - Retrieved @ProfileValueSourceConfiguration [null] for test class [com.neha.BookControllerTest]
16:27:47.443 [main] DEBUG org.springframework.test.annotation.ProfileValueUtils - Retrieved ProfileValueSource type [class org.springframework.test.annotation.SystemProfileValueSource] for class [com.neha.BookControllerTest]
16:27:47.446 [main] DEBUG org.springframework.test.context.support.AbstractDirtiesContextTestExecutionListener - Before test class: context [DefaultTestContext@3a93b025 testClass = BookControllerTest, testInstance = [null], testMethod = [null], testException = [null], mergedContextConfiguration = [WebMergedContextConfiguration@35cabb2a testClass = BookControllerTest, locations = '{}', classes = '{class com.neha.Application}', contextInitializerClasses = '[]', activeProfiles = '{}', propertySourceLocations = '{}', propertySourceProperties = '{org.springframework.boot.test.context.SpringBootTestContextBootstrapper=true, server.port=0}', contextCustomizers = set[org.springframework.boot.test.context.filter.ExcludeFilterContextCustomizer@4493d195, org.springframework.boot.test.json.DuplicateJsonObjectContextCustomizerFactory$DuplicateJsonObjectContextCustomizer@4232c52b, org.springframework.boot.test.mock.mockito.MockitoContextCustomizer@0, org.springframework.boot.test.web.client.TestRestTemplateContextCustomizer@467aecef, org.springframework.boot.test.autoconfigure.properties.PropertyMappingContextCustomizer@0, org.springframework.boot.test.autoconfigure.web.servlet.WebDriverContextCustomizerFactory$Customizer@6b57696f], resourceBasePath = 'src/main/webapp', contextLoader = 'org.springframework.boot.test.context.SpringBootContextLoader', parent = [null]], attributes = map['org.springframework.test.context.web.ServletTestExecutionListener.activateListener' -> false]], class annotated with @DirtiesContext [false] with mode [null].
16:27:47.446 [main] DEBUG org.springframework.test.annotation.ProfileValueUtils - Retrieved @ProfileValueSourceConfiguration [null] for test class [com.neha.BookControllerTest]
16:27:47.446 [main] DEBUG org.springframework.test.annotation.ProfileValueUtils - Retrieved ProfileValueSource type [class org.springframework.test.annotation.SystemProfileValueSource] for class [com.neha.BookControllerTest]
16:27:47.449 [main] DEBUG org.springframework.test.context.support.DependencyInjectionTestExecutionListener - Performing dependency injection for test context [[DefaultTestContext@3a93b025 testClass = BookControllerTest, testInstance = com.neha.BookControllerTest@4550bb58, testMethod = [null], testException = [null], mergedContextConfiguration = [WebMergedContextConfiguration@35cabb2a testClass = BookControllerTest, locations = '{}', classes = '{class com.neha.Application}', contextInitializerClasses = '[]', activeProfiles = '{}', propertySourceLocations = '{}', propertySourceProperties = '{org.springframework.boot.test.context.SpringBootTestContextBootstrapper=true, server.port=0}', contextCustomizers = set[org.springframework.boot.test.context.filter.ExcludeFilterContextCustomizer@4493d195, org.springframework.boot.test.json.DuplicateJsonObjectContextCustomizerFactory$DuplicateJsonObjectContextCustomizer@4232c52b, org.springframework.boot.test.mock.mockito.MockitoContextCustomizer@0, org.springframework.boot.test.web.client.TestRestTemplateContextCustomizer@467aecef, org.springframework.boot.test.autoconfigure.properties.PropertyMappingContextCustomizer@0, org.springframework.boot.test.autoconfigure.web.servlet.WebDriverContextCustomizerFactory$Customizer@6b57696f], resourceBasePath = 'src/main/webapp', contextLoader = 'org.springframework.boot.test.context.SpringBootContextLoader', parent = [null]], attributes = map['org.springframework.test.context.web.ServletTestExecutionListener.activateListener' -> false]]].
16:27:47.461 [main] DEBUG org.springframework.test.context.support.TestPropertySourceUtils - Adding inlined properties to environment: {spring.jmx.enabled=false, org.springframework.boot.test.context.SpringBootTestContextBootstrapper=true, server.port=0}

  .   ____          _            __ _ _
 /\\ / ___'_ __ _ _(_)_ __  __ _ \ \ \ \
( ( )\___ | '_ | '_| | '_ \/ _` | \ \ \ \
 \\/  ___)| |_)| | | | | || (_| |  ) ) ) )
  '  |____| .__|_| |_|_| |_\__, | / / / /
 =========|_|==============|___/=/_/_/_/
 :: Spring Boot ::        (v2.1.5.RELEASE)

2021-11-18 16:27:47 - Starting BookControllerTest on LM-BGL-40510360 with PID 59983 (started by nehkumari in /Users/nehkumari/Downloads/spring-boot-hibernate-crud-demo)
2021-11-18 16:27:47 - No active profile set, falling back to default profiles: default
2021-11-18 16:27:48 - Bootstrapping Spring Data repositories in DEFAULT mode.
2021-11-18 16:27:48 - Finished Spring Data repository scanning in 46ms. Found 2 repository interfaces.
2021-11-18 16:27:48 - Bean 'org.springframework.transaction.annotation.ProxyTransactionManagementConfiguration' of type [org.springframework.transaction.annotation.ProxyTransactionManagementConfiguration$$EnhancerBySpringCGLIB$$587b0ccf] is not eligible for getting processed by all BeanPostProcessors (for example: not eligible for auto-proxying)
2021-11-18 16:27:48 - Tomcat initialized with port(s): 0 (http)
2021-11-18 16:27:48 - Starting service [Tomcat]
2021-11-18 16:27:48 - Starting Servlet engine: [Apache Tomcat/9.0.19]
2021-11-18 16:27:48 - Initializing Spring embedded WebApplicationContext
2021-11-18 16:27:48 - Root WebApplicationContext: initialization completed in 1237 ms
2021-11-18 16:27:49 - HikariPool-1 - Starting...
2021-11-18 16:27:49 - HikariPool-1 - Start completed.
2021-11-18 16:27:49 - HHH000204: Processing PersistenceUnitInfo [
	name: default
	...]
2021-11-18 16:27:49 - HHH000412: Hibernate Core {5.3.10.Final}
2021-11-18 16:27:49 - HHH000206: hibernate.properties not found
2021-11-18 16:27:49 - HCANN000001: Hibernate Commons Annotations {5.0.4.Final}
2021-11-18 16:27:49 - HHH000400: Using dialect: org.hibernate.dialect.H2Dialect
2021-11-18 16:27:50 - Initialized JPA EntityManagerFactory for persistence unit 'default'
2021-11-18 16:27:50 - Initializing ExecutorService 'applicationTaskExecutor'
2021-11-18 16:27:50 - spring.jpa.open-in-view is enabled by default. Therefore, database queries may be performed during view rendering. Explicitly configure spring.jpa.open-in-view to disable this warning
2021-11-18 16:27:51 - Cannot find template location: classpath:/templates/ (please add some templates or check your Thymeleaf configuration)
2021-11-18 16:27:51 - Tomcat started on port(s): 65343 (http) with context path ''
2021-11-18 16:27:51 - Started BookControllerTest in 3.792 seconds (JVM running for 4.385)
2021-11-18 16:27:51 - Initializing Spring DispatcherServlet 'dispatcherServlet'
2021-11-18 16:27:51 - Initializing Servlet 'dispatcherServlet'
2021-11-18 16:27:51 - Completed initialization in 21 ms
2021-11-18 16:27:51 - HHH000397: Using ASTQueryTranslatorFactory
Hibernate: 
    select
        book0_.id as id1_0_,
        book0_.copies as copies2_0_,
        book0_.title as title3_0_,
        book0_.user_id as user_id4_0_ 
    from
        tbl_modern_books book0_
]]></system-out>
  </testcase>
</testsuite>